Sentence: als _ _ 
Found sentence at line 58-58 : als ob es
Found sentence at line 71-71 : als es zu
Found sentence at line 142-143 : als plötzlich ein
Found sentence at line 147-147 : als sie es
Found sentence at line 149-149 : als das kaninchen
Found sentence at line 226-226 : als es um
Found sentence at line 227-228 : als sie um
Found sentence at line 238-238 : als ein winziges
Found sentence at line 242-242 : als sie das
Found sentence at line 248-248 : als ein mäuseloch
Found sentence at line 264-264 : als teleskop zusammenschieben
Found sentence at line 303-303 : als sie merkte
Found sentence at line 304-304 : als sie an
Found sentence at line 309-309 : als sie sich
Found sentence at line 317-317 : als sie gegen
Found sentence at line 320-320 : als ob ich
Found sentence at line 353-353 : als sie auf
Found sentence at line 381-381 : als je zu
Found sentence at line 396-397 : als das kaninchen
Found sentence at line 408-408 : als ich heute
Found sentence at line 409-409 : als hätte ich
Found sentence at line 426-427 : als ob sie
Found sentence at line 441-441 : als sie weiter
Found sentence at line 453-453 : als sie so
Found sentence at line 467-467 : als je dachte
Found sentence at line 482-482 : als sie neun
Found sentence at line 484-485 : als sie umherschwamm
Found sentence at line 534-534 : als ob ich
Found sentence at line 554-554 : als die maus
Found sentence at line 586-586 : als ob sie
Found sentence at line 589-589 : als du und
Found sentence at line 651-651 : als ob er
Found sentence at line 664-664 : als sie jedoch
Found sentence at line 684-684 : als preise sie
Found sentence at line 698-698 : als er diese
Found sentence at line 797-799 : als antwort bitte
Found sentence at line 850-850 : als ob es
Found sentence at line 890-891 : als ihr blick
Found sentence at line 899-899 : als sie erwartete
Found sentence at line 912-912 : als letzte hülfsquelle
Found sentence at line 933-933 : als ich jetzt
Found sentence at line 941-941 : als eine person
Found sentence at line 1021-1021 : als es dicht
Found sentence at line 1057-1057 : als sie auf
Found sentence at line 1095-1095 : als wolle es
Found sentence at line 1099-1099 : als wenn jemand
Found sentence at line 1121-1121 : als ob es
Found sentence at line 1150-1151 : als ich aufstand
Found sentence at line 1229-1229 : als ich jung
Found sentence at line 1241-1241 : als ich jung
Found sentence at line 1313-1313 : als wenn sie
Found sentence at line 1338-1338 : als sie hinunter
Found sentence at line 1339-1339 : als einen ungeheuer
Found sentence at line 1346-1346 : als eine kleine
Found sentence at line 1355-1355 : als ein lautes
Found sentence at line 1377-1377 : als ob es
Found sentence at line 1453-1453 : als plötzlich ein
Found sentence at line 1477-1477 : als sie wieder
Found sentence at line 1488-1488 : als ob eine
Found sentence at line 1509-1509 : als ob nichts
Found sentence at line 1511-1514 : als vorher sollst
Found sentence at line 1583-1583 : als eine besonders
Found sentence at line 1587-1590 : als jetzt was
Found sentence at line 1640-1640 : als sie es
Found sentence at line 1656-1656 : als eine wirkliche
Found sentence at line 1669-1669 : als es wieder
Found sentence at line 1671-1672 : als ein ferkel
Found sentence at line 1675-1675 : als sie es
Found sentence at line 1677-1677 : als ferkel macht
Found sentence at line 1680-1680 : als sie einen
Found sentence at line 1686-1686 : als sie alice
Found sentence at line 1703-1703 : als erklärung hinzu
Found sentence at line 1800-1800 : als kissen um
Found sentence at line 1812-1813 : als thee darauf
Found sentence at line 1823-1824 : als drei gedeckt
Found sentence at line 1833-1833 : als er dies
Found sentence at line 1834-1834 : als warum ist
Found sentence at line 1886-1886 : als seine erste
Found sentence at line 1921-1921 : als mit räthseln
Found sentence at line 1979-1979 : als die königin
Found sentence at line 2049-2049 : als keinen zu
Found sentence at line 2087-2087 : als zuvor da
Found sentence at line 2094-2094 : als ob nicht
Found sentence at line 2124-2125 : als sie sie
Found sentence at line 2181-2181 : als sein auge
Found sentence at line 2220-2220 : als der zug
Found sentence at line 2281-2283 : als antwort das
Found sentence at line 2356-2356 : als sie eine
Found sentence at line 2381-2381 : als er meinen
Found sentence at line 2404-2404 : als er dies
Found sentence at line 2434-2434 : als sie den
Found sentence at line 2441-2441 : als sie zum
Found sentence at line 2462-2462 : als keiner frist
Found sentence at line 2467-2467 : als "er gehört
Found sentence at line 2474-2474 : als der henker
Found sentence at line 2492-2492 : als sie sich
Found sentence at line 2503-2503 : als sie deren
Found sentence at line 2567-2567 : als wäre es
Found sentence at line 2641-2641 : als sie mit
Found sentence at line 2653-2654 : als dieser grausamen
Found sentence at line 2671-2671 : als sie schon
Found sentence at line 2673-2673 : als sie näher
Found sentence at line 2673-2674 : als ob ihr
Found sentence at line 2705-2705 : als wir klein
Found sentence at line 2832-2832 : als ob sie
Found sentence at line 2870-2870 : als man kann
Found sentence at line 2994-2994 : als ob sie
Found sentence at line 3011-3011 : als er dieses
Found sentence at line 3013-3013 : als ichs als
Found sentence at line 3013-3013 : als kind gesagt
Found sentence at line 3083-3083 : als ein ruf
Found sentence at line 3090-3090 : als komm schnell
Found sentence at line 3104-3105 : als sie ankamen
Found sentence at line 3124-3124 : als sei es
Found sentence at line 3183-3183 : als nach mir
Found sentence at line 3207-3207 : als erklärung hinzu
Found sentence at line 3242-3242 : als das murmelthier
Found sentence at line 3254-3254 : als eine woche
Found sentence at line 3332-3332 : als der beamte
Found sentence at line 3362-3362 : als endlich alles
Found sentence at line 3365-3365 : als falle ihm
Found sentence at line 3373-3373 : als das weiße
Found sentence at line 3394-3394 : als ob sie
Found sentence at line 3428-3428 : als das weiße
Found sentence at line 3434-3434 : als ob er
Found sentence at line 3443-3443 : als eine meile
Found sentence at line 3565-3565 : als könnte ich
Found sentence at line 3615-3615 : als ein spiel
Found sentence at line 3630-3630 : als sie fertig

Time: 58.99453163146973 ms